<?xml version="1.0" encoding="UTF-8"?>
<!-- Generated by org.testng.reporters.JUnitReportReporter -->
<testsuite skipped="0" hostname="DESKTOP-LC87T5L" name="org.example.testRunner.Runners" tests="17" failures="1" timestamp="2022-09-21T02:37:00 EET" time="243.119" errors="1">
  <testcase name="runScenario" time="20.017" classname="org.example.testRunner.Runners"/>
  <system-out/>
  <testcase name="runScenario" time="15.619" classname="org.example.testRunner.Runners"/>
  <system-out/>
  <testcase name="runScenario" time="10.747" classname="org.example.testRunner.Runners"/>
  <system-out/>
  <testcase name="runScenario" time="12.309" classname="org.example.testRunner.Runners"/>
  <system-out/>
  <testcase name="runScenario" time="11.805" classname="org.example.testRunner.Runners"/>
  <system-out/>
  <testcase name="runScenario" time="11.732" classname="org.example.testRunner.Runners"/>
  <system-out/>
  <testcase name="runScenario" time="12.827" classname="org.example.testRunner.Runners"/>
  <system-out/>
  <testcase name="runScenario" time="23.072" classname="org.example.testRunner.Runners"/>
  <system-out/>
  <testcase name="runScenario" time="12.546" classname="org.example.testRunner.Runners"/>
  <system-out/>
  <testcase name="runScenario" time="15.224" classname="org.example.testRunner.Runners"/>
  <system-out/>
  <testcase name="runScenario" time="11.983" classname="org.example.testRunner.Runners">
    <failure type="java.lang.AssertionError" message="The following asserts failed:
	Nokia expected [https://demo.nopcommerce.com/nokia-lumia-1020] but found [https://demo.nopcommerce.com/]">
      <![CDATA[java.lang.AssertionError: The following asserts failed:
Nokia expected [https://demo.nopcommerce.com/nokia-lumia-1020] but found [https://demo.nopcommerce.com/]
at org.testng.asserts.SoftAssert.assertAll(SoftAssert.java:46)
at org.testng.asserts.SoftAssert.assertAll(SoftAssert.java:30)
at org.example.stepDefs.D06_homeSlidersStepDef.nokia(D06_homeSlidersStepDef.java:21)
at ✽.nokia page open(file:///D:/FWD/demonopcommerce/src/main/resources/features/F06_homeSliders.feature:5)
]]>
    </failure>
  </testcase> <!-- runScenario -->
  <system-out/>
  <testcase name="runScenario" time="11.454" classname="org.example.testRunner.Runners"/>
  <system-out/>
  <testcase name="runScenario" time="11.639" classname="org.example.testRunner.Runners">
    <error type="java.lang.IndexOutOfBoundsException" message="Index: 1, Size: 1">
      <![CDATA[java.lang.IndexOutOfBoundsException: Index: 1, Size: 1
at java.util.ArrayList.rangeCheck(ArrayList.java:659)
at java.util.ArrayList.get(ArrayList.java:435)
at org.example.stepDefs.D07_followUsStepDef.navigating_to_Tabs(D07_followUsStepDef.java:42)
at ✽.select "rss" tab(file:///D:/FWD/demonopcommerce/src/main/resources/features/F07_followUs.feature:13)
]]>
    </error>
  </testcase> <!-- runScenario -->
  <system-out/>
  <testcase name="runScenario" time="12.099" classname="org.example.testRunner.Runners"/>
  <system-out/>
  <testcase name="runScenario" time="17.146" classname="org.example.testRunner.Runners"/>
  <system-out/>
  <testcase name="runScenario" time="14.002" classname="org.example.testRunner.Runners"/>
  <system-out/>
  <testcase name="runScenario" time="18.898" classname="org.example.testRunner.Runners"/>
  <system-out/>
</testsuite> <!-- org.example.testRunner.Runners -->
